2026-04-24 18:55:41,031 - INFO - Iteration 0, Loss: 4.7317
2026-04-24 18:55:42,813 - INFO - Iteration 1000, Loss: -5.1684
2026-04-24 18:55:44,541 - INFO - Iteration 2000, Loss: -5.5959
2026-04-24 18:55:46,161 - INFO - Iteration 3000, Loss: -5.5102
2026-04-24 18:55:47,950 - INFO - Iteration 4000, Loss: -8.1623
2026-04-24 18:55:49,705 - INFO - Iteration 5000, Loss: -8.5138
2026-04-24 18:55:51,421 - INFO - Iteration 6000, Loss: -9.2334
2026-04-24 18:55:53,192 - INFO - Iteration 7000, Loss: -9.0224
2026-04-24 18:55:54,956 - INFO - Iteration 8000, Loss: -9.3491
2026-04-24 18:55:56,671 - INFO - Iteration 9000, Loss: -9.4298
2026-04-24 18:55:58,578 - INFO - Iteration 10000, Loss: -9.4490
2026-04-24 18:56:00,361 - INFO - Iteration 11000, Loss: -9.7569
2026-04-24 18:56:02,021 - INFO - Iteration 12000, Loss: -9.4935
2026-04-24 18:56:03,804 - INFO - Iteration 13000, Loss: -9.6928
2026-04-24 18:56:05,569 - INFO - Iteration 14000, Loss: -8.8472
2026-04-24 18:56:07,477 - INFO - Iteration 15000, Loss: -9.9889
2026-04-24 18:56:09,186 - INFO - Iteration 16000, Loss: -9.5227
2026-04-24 18:56:10,880 - INFO - Iteration 17000, Loss: -10.2242
2026-04-24 18:56:12,730 - INFO - Iteration 18000, Loss: -11.1462
2026-04-24 18:56:14,571 - INFO - Iteration 19000, Loss: -10.5310
2026-04-24 18:56:16,778 - INFO - Training complete. Model saved to cnmp_model.pth, plots saved to loss_curves_comparison.png and loss_curve.png
2026-04-24 19:21:11,838 - INFO - Iteration 0, Loss: 5.0417
2026-04-24 19:21:13,698 - INFO - Iteration 1000, Loss: -5.6633
2026-04-24 19:21:15,528 - INFO - Iteration 2000, Loss: -5.5338
2026-04-24 19:21:17,361 - INFO - Iteration 3000, Loss: -8.2406
2026-04-24 19:21:19,018 - INFO - Iteration 4000, Loss: -8.2555
2026-04-24 19:21:20,927 - INFO - Iteration 5000, Loss: -9.0610
2026-04-24 19:21:22,843 - INFO - Iteration 6000, Loss: -9.0473
2026-04-24 19:21:24,513 - INFO - Iteration 7000, Loss: -8.8667
2026-04-24 19:21:26,136 - INFO - Iteration 8000, Loss: -9.5272
2026-04-24 19:21:27,758 - INFO - Iteration 9000, Loss: -10.1262
2026-04-24 19:21:29,448 - INFO - Iteration 10000, Loss: -9.3484
2026-04-24 19:21:31,342 - INFO - Iteration 11000, Loss: -8.8877
2026-04-24 19:21:33,265 - INFO - Iteration 12000, Loss: -10.0216
2026-04-24 19:21:35,161 - INFO - Iteration 13000, Loss: -12.2210
2026-04-24 19:21:37,046 - INFO - Iteration 14000, Loss: -10.1772
2026-04-24 19:21:38,726 - INFO - Iteration 15000, Loss: -10.2748
2026-04-24 19:21:40,340 - INFO - Iteration 16000, Loss: -10.1138
2026-04-24 19:21:42,015 - INFO - Iteration 17000, Loss: -10.1699
2026-04-24 19:21:43,634 - INFO - Iteration 18000, Loss: -9.8780
2026-04-24 19:21:45,249 - INFO - Iteration 19000, Loss: -10.4820
2026-04-24 19:21:47,635 - INFO - Training complete. Model saved to cnmp_model.pth, plots saved to loss_curves_comparison.png and loss_curve.png
2026-04-25 15:25:36,976 - INFO - Data normalized with mean: [ 0.5         0.04998361  1.12695542 -0.03858867  1.0729287   0.06373515], std: [0.29157647 0.2468085  0.05486577 0.0638616  0.02149313 0.02000295]
2026-04-25 15:25:38,138 - INFO - Iteration 0, Loss: 7.1248
2026-04-25 15:25:40,002 - INFO - Iteration 1000, Loss: -2.4491
2026-04-25 15:25:41,976 - INFO - Iteration 2000, Loss: -3.7776
2026-04-25 15:25:43,715 - INFO - Iteration 3000, Loss: -3.7278
2026-04-25 15:25:45,291 - INFO - Iteration 4000, Loss: -5.3674
2026-04-25 15:25:46,817 - INFO - Iteration 5000, Loss: -6.2101
2026-04-25 15:25:48,388 - INFO - Iteration 6000, Loss: -6.4462
2026-04-25 15:25:50,135 - INFO - Iteration 7000, Loss: -6.1314
2026-04-25 15:25:51,846 - INFO - Iteration 8000, Loss: -6.3719
2026-04-25 15:25:53,398 - INFO - Iteration 9000, Loss: -6.9939
2026-04-25 15:25:54,950 - INFO - Iteration 10000, Loss: -6.5481
2026-04-25 15:25:56,517 - INFO - Iteration 11000, Loss: -5.1490
2026-04-25 15:25:58,122 - INFO - Iteration 12000, Loss: -7.9471
2026-04-25 15:25:59,680 - INFO - Iteration 13000, Loss: -7.0574
2026-04-25 15:26:01,221 - INFO - Iteration 14000, Loss: -8.1932
2026-04-25 15:26:02,756 - INFO - Iteration 15000, Loss: -8.5555
2026-04-25 15:26:04,308 - INFO - Iteration 16000, Loss: -7.7738
2026-04-25 15:26:06,182 - INFO - Iteration 17000, Loss: -8.0581
2026-04-25 15:26:08,115 - INFO - Iteration 18000, Loss: -9.4081
2026-04-25 15:26:09,670 - INFO - Iteration 19000, Loss: -8.8705
2026-04-25 15:26:11,277 - INFO - Iteration 20000, Loss: -7.8321
2026-04-25 15:26:13,077 - INFO - Iteration 21000, Loss: -8.7780
2026-04-25 15:26:14,745 - INFO - Iteration 22000, Loss: -9.4005
2026-04-25 15:26:16,319 - INFO - Iteration 23000, Loss: -9.2817
2026-04-25 15:26:17,911 - INFO - Iteration 24000, Loss: -9.0877
2026-04-25 15:26:19,468 - INFO - Iteration 25000, Loss: -8.4549
2026-04-25 15:26:21,045 - INFO - Iteration 26000, Loss: -10.5817
2026-04-25 15:26:22,767 - INFO - Iteration 27000, Loss: -10.5871
2026-04-25 15:26:24,362 - INFO - Iteration 28000, Loss: -10.5820
2026-04-25 15:26:25,923 - INFO - Iteration 29000, Loss: -10.8801
2026-04-25 15:26:27,484 - INFO - Iteration 30000, Loss: -10.7637
2026-04-25 15:26:29,052 - INFO - Iteration 31000, Loss: -10.8830
2026-04-25 15:26:30,652 - INFO - Iteration 32000, Loss: -11.1400
2026-04-25 15:26:32,230 - INFO - Iteration 33000, Loss: -11.4629
2026-04-25 15:26:33,814 - INFO - Iteration 34000, Loss: -10.9150
2026-04-25 15:26:35,431 - INFO - Iteration 35000, Loss: -10.0331
2026-04-25 15:26:37,083 - INFO - Iteration 36000, Loss: -11.0027
2026-04-25 15:26:38,848 - INFO - Iteration 37000, Loss: -11.5583
2026-04-25 15:26:40,642 - INFO - Iteration 38000, Loss: -11.0788
2026-04-25 15:26:42,199 - INFO - Iteration 39000, Loss: -11.1271
2026-04-25 15:26:43,754 - INFO - Iteration 40000, Loss: -11.3186
2026-04-25 15:26:45,323 - INFO - Iteration 41000, Loss: -11.3451
2026-04-25 15:26:46,871 - INFO - Iteration 42000, Loss: -10.9247
2026-04-25 15:26:48,431 - INFO - Iteration 43000, Loss: -10.6742
2026-04-25 15:26:49,996 - INFO - Iteration 44000, Loss: -11.3864
2026-04-25 15:26:51,549 - INFO - Iteration 45000, Loss: -10.5466
2026-04-25 15:26:53,184 - INFO - Iteration 46000, Loss: -11.6385
2026-04-25 15:26:55,083 - INFO - Iteration 47000, Loss: -11.6832
2026-04-25 15:26:56,647 - INFO - Iteration 48000, Loss: -10.9815
2026-04-25 15:26:58,256 - INFO - Iteration 49000, Loss: -11.6216
2026-04-25 15:27:00,431 - INFO - Training complete. Model saved to cnmp_model.pth
